{"contracts/marketplace/PropertyMarketplace.sol":{"l":{"79":46,"80":0,"82":46,"84":46,"85":46,"86":46,"88":46,"89":46,"96":97,"97":97,"104":2,"105":2,"112":2,"124":27,"125":26,"126":25,"128":24,"129":24,"131":24,"140":24,"141":24,"142":24,"144":24,"146":24,"148":24,"155":7,"157":7,"158":6,"160":5,"161":5,"163":5,"171":5,"178":11,"180":11,"181":10,"183":9,"184":9,"185":9,"188":9,"190":3,"193":2,"194":2,"197":2,"198":2,"199":2,"203":2,"204":2,"205":1,"206":1,"210":6,"211":6,"212":5,"213":5,"218":7,"219":7,"220":1,"221":1,"225":7,"227":7,"234":3,"236":2,"237":2,"239":2,"246":3,"248":2,"249":2,"251":2,"258":4,"265":1,"272":5,"279":1,"286":1,"293":1,"305":0},"path":"/Users/junior/projects/ANDRES_LOZANO/buidingtok/contracts/marketplace/PropertyMarketplace.sol","s":{"1":46,"2":46,"3":46,"4":46,"5":97,"6":2,"7":2,"8":27,"9":26,"10":25,"11":24,"12":24,"13":24,"14":24,"15":24,"16":24,"17":7,"18":7,"19":6,"20":5,"21":5,"22":11,"23":11,"24":10,"25":9,"26":9,"27":9,"28":9,"29":3,"30":2,"31":2,"32":2,"33":2,"34":2,"35":2,"36":2,"37":1,"38":1,"39":6,"40":6,"41":5,"42":5,"43":7,"44":7,"45":7,"46":3,"47":2,"48":2,"49":3,"50":2,"51":2,"52":4,"53":1,"54":5,"55":1,"56":1,"57":1,"58":0},"b":{"1":[0,46],"2":[0,0],"3":[0,46],"4":[97,1],"5":[2,0],"6":[27,1],"7":[27,0],"8":[1,26],"9":[1,25],"10":[1,24],"11":[7,0],"12":[1,6],"13":[1,5],"14":[11,1],"15":[11,0],"16":[1,10],"17":[1,9],"18":[3,6],"19":[1,2],"20":[0,2],"21":[2,0],"22":[0,2],"23":[1,1],"24":[0,1],"25":[5,0],"26":[1,6],"27":[3,1],"28":[1,2],"29":[3,0],"30":[1,2],"31":[4,0],"32":[1,0]},"f":{"1":46,"2":97,"3":2,"4":2,"5":27,"6":7,"7":11,"8":3,"9":3,"10":4,"11":1,"12":5,"13":1,"14":1,"15":1,"16":0},"fnMap":{"1":{"name":"constructor","line":74,"loc":{"start":{"line":74,"column":4},"end":{"line":90,"column":4}}},"2":{"name":"addPaymentToken","line":95,"loc":{"start":{"line":95,"column":4},"end":{"line":98,"column":4}}},"3":{"name":"removePaymentToken","line":103,"loc":{"start":{"line":103,"column":4},"end":{"line":106,"column":4}}},"4":{"name":"isPaymentTokenAccepted","line":111,"loc":{"start":{"line":111,"column":4},"end":{"line":113,"column":4}}},"5":{"name":"createListing","line":123,"loc":{"start":{"line":118,"column":4},"end":{"line":149,"column":4}}},"6":{"name":"cancelListing","line":154,"loc":{"start":{"line":154,"column":4},"end":{"line":172,"column":4}}},"7":{"name":"buy","line":177,"loc":{"start":{"line":177,"column":4},"end":{"line":228,"column":4}}},"8":{"name":"setMarketplaceFee","line":233,"loc":{"start":{"line":233,"column":4},"end":{"line":240,"column":4}}},"9":{"name":"setTreasury","line":245,"loc":{"start":{"line":245,"column":4},"end":{"line":252,"column":4}}},"10":{"name":"pause","line":257,"loc":{"start":{"line":257,"column":4},"end":{"line":259,"column":4}}},"11":{"name":"unpause","line":264,"loc":{"start":{"line":264,"column":4},"end":{"line":266,"column":4}}},"12":{"name":"getListing","line":271,"loc":{"start":{"line":271,"column":4},"end":{"line":273,"column":4}}},"13":{"name":"getActiveListingsCount","line":278,"loc":{"start":{"line":278,"column":4},"end":{"line":280,"column":4}}},"14":{"name":"getSellerListings","line":285,"loc":{"start":{"line":285,"column":4},"end":{"line":287,"column":4}}},"15":{"name":"getPropertyListings","line":292,"loc":{"start":{"line":292,"column":4},"end":{"line":294,"column":4}}},"16":{"name":"supportsInterface","line":299,"loc":{"start":{"line":299,"column":4},"end":{"line":306,"column":4}}}},"statementMap":{"1":{"start":{"line":79,"column":8},"end":{"line":79,"column":2599}},"2":{"start":{"line":82,"column":8},"end":{"line":82,"column":58}},"3":{"start":{"line":88,"column":8},"end":{"line":88,"column":49}},"4":{"start":{"line":89,"column":8},"end":{"line":89,"column":41}},"5":{"start":{"line":97,"column":8},"end":{"line":97,"column":37}},"6":{"start":{"line":105,"column":8},"end":{"line":105,"column":39}},"7":{"start":{"line":112,"column":8},"end":{"line":112,"column":44}},"8":{"start":{"line":124,"column":8},"end":{"line":124,"column":83}},"9":{"start":{"line":125,"column":8},"end":{"line":125,"column":47}},"10":{"start":{"line":126,"column":8},"end":{"line":126,"column":53}},"11":{"start":{"line":129,"column":8},"end":{"line":129,"column":45}},"12":{"start":{"line":141,"column":8},"end":{"line":141,"column":50}},"13":{"start":{"line":142,"column":8},"end":{"line":142,"column":52}},"14":{"start":{"line":144,"column":8},"end":{"line":144,"column":88}},"15":{"start":{"line":146,"column":8},"end":{"line":146,"column":99}},"16":{"start":{"line":148,"column":8},"end":{"line":148,"column":24}},"17":{"start":{"line":155,"column":8},"end":{"line":155,"column":54}},"18":{"start":{"line":157,"column":8},"end":{"line":157,"column":54}},"19":{"start":{"line":158,"column":8},"end":{"line":158,"column":67}},"20":{"start":{"line":163,"column":8},"end":{"line":163,"column":5229}},"21":{"start":{"line":171,"column":8},"end":{"line":171,"column":52}},"22":{"start":{"line":178,"column":8},"end":{"line":178,"column":54}},"23":{"start":{"line":180,"column":8},"end":{"line":180,"column":54}},"24":{"start":{"line":181,"column":8},"end":{"line":181,"column":71}},"25":{"start":{"line":183,"column":8},"end":{"line":183,"column":59}},"26":{"start":{"line":184,"column":8},"end":{"line":184,"column":65}},"27":{"start":{"line":185,"column":8},"end":{"line":185,"column":53}},"28":{"start":{"line":188,"column":8},"end":{"line":188,"column":6022}},"29":{"start":{"line":190,"column":12},"end":{"line":190,"column":68}},"30":{"start":{"line":193,"column":12},"end":{"line":193,"column":90}},"31":{"start":{"line":194,"column":12},"end":{"line":194,"column":55}},"32":{"start":{"line":197,"column":12},"end":{"line":197,"column":6411}},"33":{"start":{"line":198,"column":16},"end":{"line":198,"column":82}},"34":{"start":{"line":199,"column":16},"end":{"line":199,"column":56}},"35":{"start":{"line":203,"column":12},"end":{"line":203,"column":51}},"36":{"start":{"line":204,"column":12},"end":{"line":204,"column":6683}},"37":{"start":{"line":205,"column":16},"end":{"line":205,"column":84}},"38":{"start":{"line":206,"column":16},"end":{"line":206,"column":59}},"39":{"start":{"line":210,"column":12},"end":{"line":210,"column":62}},"40":{"start":{"line":211,"column":12},"end":{"line":211,"column":82}},"41":{"start":{"line":212,"column":12},"end":{"line":212,"column":7069}},"42":{"start":{"line":213,"column":16},"end":{"line":213,"column":77}},"43":{"start":{"line":219,"column":8},"end":{"line":219,"column":7259}},"44":{"start":{"line":225,"column":8},"end":{"line":225,"column":96}},"45":{"start":{"line":227,"column":8},"end":{"line":227,"column":60}},"46":{"start":{"line":234,"column":8},"end":{"line":234,"column":49}},"47":{"start":{"line":236,"column":8},"end":{"line":236,"column":38}},"48":{"start":{"line":239,"column":8},"end":{"line":239,"column":50}},"49":{"start":{"line":246,"column":8},"end":{"line":246,"column":62}},"50":{"start":{"line":248,"column":8},"end":{"line":248,"column":38}},"51":{"start":{"line":251,"column":8},"end":{"line":251,"column":54}},"52":{"start":{"line":258,"column":8},"end":{"line":258,"column":15}},"53":{"start":{"line":265,"column":8},"end":{"line":265,"column":17}},"54":{"start":{"line":272,"column":8},"end":{"line":272,"column":35}},"55":{"start":{"line":279,"column":8},"end":{"line":279,"column":35}},"56":{"start":{"line":286,"column":8},"end":{"line":286,"column":38}},"57":{"start":{"line":293,"column":8},"end":{"line":293,"column":44}},"58":{"start":{"line":305,"column":8},"end":{"line":305,"column":51}}},"branchMap":{"1":{"line":79,"type":"if","locations":[{"start":{"line":79,"column":8},"end":{"line":79,"column":8}},{"start":{"line":79,"column":8},"end":{"line":79,"column":8}}]},"2":{"line":79,"type":"cond-expr","locations":[{"start":{"line":79,"column":12},"end":{"line":79,"column":39}},{"start":{"line":79,"column":44},"end":{"line":79,"column":66}}]},"3":{"line":82,"type":"if","locations":[{"start":{"line":82,"column":8},"end":{"line":82,"column":8}},{"start":{"line":82,"column":8},"end":{"line":82,"column":8}}]},"4":{"line":95,"type":"if","locations":[{"start":{"line":95,"column":53},"end":{"line":95,"column":53}},{"start":{"line":95,"column":53},"end":{"line":95,"column":53}}]},"5":{"line":103,"type":"if","locations":[{"start":{"line":103,"column":56},"end":{"line":103,"column":56}},{"start":{"line":103,"column":56},"end":{"line":103,"column":56}}]},"6":{"line":123,"type":"if","locations":[{"start":{"line":123,"column":15},"end":{"line":123,"column":15}},{"start":{"line":123,"column":15},"end":{"line":123,"column":15}}]},"7":{"line":123,"type":"if","locations":[{"start":{"line":123,"column":29},"end":{"line":123,"column":29}},{"start":{"line":123,"column":29},"end":{"line":123,"column":29}}]},"8":{"line":124,"type":"if","locations":[{"start":{"line":124,"column":8},"end":{"line":124,"column":8}},{"start":{"line":124,"column":8},"end":{"line":124,"column":8}}]},"9":{"line":125,"type":"if","locations":[{"start":{"line":125,"column":8},"end":{"line":125,"column":8}},{"start":{"line":125,"column":8},"end":{"line":125,"column":8}}]},"10":{"line":126,"type":"if","locations":[{"start":{"line":126,"column":8},"end":{"line":126,"column":8}},{"start":{"line":126,"column":8},"end":{"line":126,"column":8}}]},"11":{"line":154,"type":"if","locations":[{"start":{"line":154,"column":55},"end":{"line":154,"column":55}},{"start":{"line":154,"column":55},"end":{"line":154,"column":55}}]},"12":{"line":157,"type":"if","locations":[{"start":{"line":157,"column":8},"end":{"line":157,"column":8}},{"start":{"line":157,"column":8},"end":{"line":157,"column":8}}]},"13":{"line":158,"type":"if","locations":[{"start":{"line":158,"column":8},"end":{"line":158,"column":8}},{"start":{"line":158,"column":8},"end":{"line":158,"column":8}}]},"14":{"line":177,"type":"if","locations":[{"start":{"line":177,"column":69},"end":{"line":177,"column":69}},{"start":{"line":177,"column":69},"end":{"line":177,"column":69}}]},"15":{"line":177,"type":"if","locations":[{"start":{"line":177,"column":83},"end":{"line":177,"column":83}},{"start":{"line":177,"column":83},"end":{"line":177,"column":83}}]},"16":{"line":180,"type":"if","locations":[{"start":{"line":180,"column":8},"end":{"line":180,"column":8}},{"start":{"line":180,"column":8},"end":{"line":180,"column":8}}]},"17":{"line":181,"type":"if","locations":[{"start":{"line":181,"column":8},"end":{"line":181,"column":8}},{"start":{"line":181,"column":8},"end":{"line":181,"column":8}}]},"18":{"line":188,"type":"if","locations":[{"start":{"line":188,"column":8},"end":{"line":188,"column":8}},{"start":{"line":188,"column":8},"end":{"line":188,"column":8}}]},"19":{"line":190,"type":"if","locations":[{"start":{"line":190,"column":12},"end":{"line":190,"column":12}},{"start":{"line":190,"column":12},"end":{"line":190,"column":12}}]},"20":{"line":194,"type":"if","locations":[{"start":{"line":194,"column":12},"end":{"line":194,"column":12}},{"start":{"line":194,"column":12},"end":{"line":194,"column":12}}]},"21":{"line":197,"type":"if","locations":[{"start":{"line":197,"column":12},"end":{"line":197,"column":12}},{"start":{"line":197,"column":12},"end":{"line":197,"column":12}}]},"22":{"line":199,"type":"if","locations":[{"start":{"line":199,"column":16},"end":{"line":199,"column":16}},{"start":{"line":199,"column":16},"end":{"line":199,"column":16}}]},"23":{"line":204,"type":"if","locations":[{"start":{"line":204,"column":12},"end":{"line":204,"column":12}},{"start":{"line":204,"column":12},"end":{"line":204,"column":12}}]},"24":{"line":206,"type":"if","locations":[{"start":{"line":206,"column":16},"end":{"line":206,"column":16}},{"start":{"line":206,"column":16},"end":{"line":206,"column":16}}]},"25":{"line":212,"type":"if","locations":[{"start":{"line":212,"column":12},"end":{"line":212,"column":12}},{"start":{"line":212,"column":12},"end":{"line":212,"column":12}}]},"26":{"line":219,"type":"if","locations":[{"start":{"line":219,"column":8},"end":{"line":219,"column":8}},{"start":{"line":219,"column":8},"end":{"line":219,"column":8}}]},"27":{"line":233,"type":"if","locations":[{"start":{"line":233,"column":55},"end":{"line":233,"column":55}},{"start":{"line":233,"column":55},"end":{"line":233,"column":55}}]},"28":{"line":234,"type":"if","locations":[{"start":{"line":234,"column":8},"end":{"line":234,"column":8}},{"start":{"line":234,"column":8},"end":{"line":234,"column":8}}]},"29":{"line":245,"type":"if","locations":[{"start":{"line":245,"column":55},"end":{"line":245,"column":55}},{"start":{"line":245,"column":55},"end":{"line":245,"column":55}}]},"30":{"line":246,"type":"if","locations":[{"start":{"line":246,"column":8},"end":{"line":246,"column":8}},{"start":{"line":246,"column":8},"end":{"line":246,"column":8}}]},"31":{"line":257,"type":"if","locations":[{"start":{"line":257,"column":30},"end":{"line":257,"column":30}},{"start":{"line":257,"column":30},"end":{"line":257,"column":30}}]},"32":{"line":264,"type":"if","locations":[{"start":{"line":264,"column":32},"end":{"line":264,"column":32}},{"start":{"line":264,"column":32},"end":{"line":264,"column":32}}]}}},"contracts/mocks/MockERC20.sol":{"l":{"14":165,"18":0,"22":125,"26":1},"path":"/Users/junior/projects/ANDRES_LOZANO/buidingtok/contracts/mocks/MockERC20.sol","s":{"1":0,"2":125,"3":1},"b":{},"f":{"1":165,"2":0,"3":125,"4":1},"fnMap":{"1":{"name":"constructor","line":13,"loc":{"start":{"line":9,"column":4},"end":{"line":15,"column":4}}},"2":{"name":"decimals","line":17,"loc":{"start":{"line":17,"column":4},"end":{"line":19,"column":4}}},"3":{"name":"mint","line":21,"loc":{"start":{"line":21,"column":4},"end":{"line":23,"column":4}}},"4":{"name":"burn","line":25,"loc":{"start":{"line":25,"column":4},"end":{"line":27,"column":4}}}},"statementMap":{"1":{"start":{"line":18,"column":8},"end":{"line":18,"column":24}},"2":{"start":{"line":22,"column":8},"end":{"line":22,"column":24}},"3":{"start":{"line":26,"column":8},"end":{"line":26,"column":26}}},"branchMap":{}},"contracts/royalties/RoyaltyDistributor.sol":{"l":{"75":33,"77":33,"79":33,"80":33,"90":67,"91":67,"99":1,"100":1,"114":31,"115":1,"117":30,"118":1,"122":29,"125":29,"126":29,"129":29,"138":29,"141":29,"143":29,"150":4,"157":1,"167":15,"168":1,"170":14,"171":1,"174":13,"177":13,"178":13,"179":1,"183":12,"186":12,"189":12,"191":12,"201":2,"209":4,"218":3,"226":1,"238":2,"239":2,"242":2,"243":4,"244":3,"246":4,"250":2,"251":2,"252":2,"253":4,"254":3,"255":3,"257":4,"260":2,"272":5,"273":0,"275":5,"276":1,"279":4,"280":4,"282":4,"283":1,"286":3},"path":"/Users/junior/projects/ANDRES_LOZANO/buidingtok/contracts/royalties/RoyaltyDistributor.sol","s":{"1":33,"2":33,"3":33,"4":67,"5":1,"6":31,"7":30,"8":29,"9":29,"10":29,"11":29,"12":29,"13":4,"14":1,"15":15,"16":14,"17":13,"18":13,"19":13,"20":12,"21":12,"22":12,"23":2,"24":4,"25":3,"26":1,"27":2,"28":2,"29":2,"30":4,"31":2,"32":2,"33":2,"34":4,"35":2,"36":5,"37":0,"38":5,"39":1,"40":4,"41":4,"42":4,"43":1,"44":3},"b":{"1":[0,33],"2":[67,1],"3":[1,0],"4":[32,1],"5":[31,1],"6":[31,0],"7":[1,30],"8":[1,29],"9":[4,0],"10":[1,0],"11":[15,1],"12":[15,0],"13":[1,14],"14":[0,1],"15":[1,13],"16":[1,12],"17":[3,1],"18":[3,1],"19":[0,5],"20":[0,0],"21":[1,4],"22":[1,3],"23":[1,0]},"f":{"1":33,"2":67,"3":1,"4":31,"5":4,"6":1,"7":15,"8":2,"9":4,"10":3,"11":1,"12":2,"13":5},"fnMap":{"1":{"name":"constructor","line":74,"loc":{"start":{"line":74,"column":4},"end":{"line":81,"column":4}}},"2":{"name":"addPaymentToken","line":89,"loc":{"start":{"line":89,"column":4},"end":{"line":92,"column":4}}},"3":{"name":"removePaymentToken","line":98,"loc":{"start":{"line":98,"column":4},"end":{"line":101,"column":4}}},"4":{"name":"createDistribution","line":113,"loc":{"start":{"line":109,"column":4},"end":{"line":144,"column":4}}},"5":{"name":"pause","line":149,"loc":{"start":{"line":149,"column":4},"end":{"line":151,"column":4}}},"6":{"name":"unpause","line":156,"loc":{"start":{"line":156,"column":4},"end":{"line":158,"column":4}}},"7":{"name":"claim","line":166,"loc":{"start":{"line":166,"column":4},"end":{"line":192,"column":4}}},"8":{"name":"isPaymentTokenAccepted","line":200,"loc":{"start":{"line":200,"column":4},"end":{"line":202,"column":4}}},"9":{"name":"getDistribution","line":208,"loc":{"start":{"line":208,"column":4},"end":{"line":210,"column":4}}},"10":{"name":"hasClaimed","line":217,"loc":{"start":{"line":217,"column":4},"end":{"line":219,"column":4}}},"11":{"name":"getPropertyDistributions","line":225,"loc":{"start":{"line":225,"column":4},"end":{"line":227,"column":4}}},"12":{"name":"getUnclaimedDistributions","line":234,"loc":{"start":{"line":234,"column":4},"end":{"line":261,"column":4}}},"13":{"name":"getClaimableAmount","line":268,"loc":{"start":{"line":268,"column":4},"end":{"line":287,"column":4}}}},"statementMap":{"1":{"start":{"line":75,"column":8},"end":{"line":75,"column":71}},"2":{"start":{"line":79,"column":8},"end":{"line":79,"column":49}},"3":{"start":{"line":80,"column":8},"end":{"line":80,"column":41}},"4":{"start":{"line":91,"column":8},"end":{"line":91,"column":37}},"5":{"start":{"line":100,"column":8},"end":{"line":100,"column":39}},"6":{"start":{"line":114,"column":8},"end":{"line":114,"column":3750}},"7":{"start":{"line":117,"column":8},"end":{"line":117,"column":3859}},"8":{"start":{"line":122,"column":8},"end":{"line":122,"column":67}},"9":{"start":{"line":126,"column":8},"end":{"line":126,"column":50}},"10":{"start":{"line":138,"column":8},"end":{"line":138,"column":62}},"11":{"start":{"line":141,"column":8},"end":{"line":141,"column":79}},"12":{"start":{"line":143,"column":8},"end":{"line":143,"column":82}},"13":{"start":{"line":150,"column":8},"end":{"line":150,"column":15}},"14":{"start":{"line":157,"column":8},"end":{"line":157,"column":17}},"15":{"start":{"line":167,"column":8},"end":{"line":167,"column":5361}},"16":{"start":{"line":170,"column":8},"end":{"line":170,"column":5487}},"17":{"start":{"line":174,"column":8},"end":{"line":174,"column":66}},"18":{"start":{"line":177,"column":8},"end":{"line":177,"column":82}},"19":{"start":{"line":178,"column":8},"end":{"line":178,"column":5797}},"20":{"start":{"line":183,"column":8},"end":{"line":183,"column":87}},"21":{"start":{"line":189,"column":8},"end":{"line":189,"column":68}},"22":{"start":{"line":191,"column":8},"end":{"line":191,"column":66}},"23":{"start":{"line":201,"column":8},"end":{"line":201,"column":44}},"24":{"start":{"line":209,"column":8},"end":{"line":209,"column":45}},"25":{"start":{"line":218,"column":8},"end":{"line":218,"column":48}},"26":{"start":{"line":226,"column":8},"end":{"line":226,"column":49}},"27":{"start":{"line":238,"column":8},"end":{"line":238,"column":72}},"28":{"start":{"line":239,"column":8},"end":{"line":239,"column":25}},"29":{"start":{"line":242,"column":8},"end":{"line":242,"column":7855}},"30":{"start":{"line":243,"column":12},"end":{"line":243,"column":7916}},"31":{"start":{"line":250,"column":8},"end":{"line":250,"column":57}},"32":{"start":{"line":251,"column":8},"end":{"line":251,"column":25}},"33":{"start":{"line":252,"column":8},"end":{"line":252,"column":8187}},"34":{"start":{"line":253,"column":12},"end":{"line":253,"column":8248}},"35":{"start":{"line":260,"column":8},"end":{"line":260,"column":24}},"36":{"start":{"line":272,"column":8},"end":{"line":272,"column":8769}},"37":{"start":{"line":273,"column":12},"end":{"line":273,"column":20}},"38":{"start":{"line":275,"column":8},"end":{"line":275,"column":8874}},"39":{"start":{"line":276,"column":12},"end":{"line":276,"column":20}},"40":{"start":{"line":279,"column":8},"end":{"line":279,"column":66}},"41":{"start":{"line":280,"column":8},"end":{"line":280,"column":76}},"42":{"start":{"line":282,"column":8},"end":{"line":282,"column":9103}},"43":{"start":{"line":283,"column":12},"end":{"line":283,"column":20}},"44":{"start":{"line":286,"column":8},"end":{"line":286,"column":74}}},"branchMap":{"1":{"line":75,"type":"if","locations":[{"start":{"line":75,"column":8},"end":{"line":75,"column":8}},{"start":{"line":75,"column":8},"end":{"line":75,"column":8}}]},"2":{"line":89,"type":"if","locations":[{"start":{"line":89,"column":53},"end":{"line":89,"column":53}},{"start":{"line":89,"column":53},"end":{"line":89,"column":53}}]},"3":{"line":98,"type":"if","locations":[{"start":{"line":98,"column":56},"end":{"line":98,"column":56}},{"start":{"line":98,"column":56},"end":{"line":98,"column":56}}]},"4":{"line":113,"type":"if","locations":[{"start":{"line":113,"column":15},"end":{"line":113,"column":15}},{"start":{"line":113,"column":15},"end":{"line":113,"column":15}}]},"5":{"line":113,"type":"if","locations":[{"start":{"line":113,"column":36},"end":{"line":113,"column":36}},{"start":{"line":113,"column":36},"end":{"line":113,"column":36}}]},"6":{"line":113,"type":"if","locations":[{"start":{"line":113,"column":50},"end":{"line":113,"column":50}},{"start":{"line":113,"column":50},"end":{"line":113,"column":50}}]},"7":{"line":114,"type":"if","locations":[{"start":{"line":114,"column":8},"end":{"line":114,"column":8}},{"start":{"line":114,"column":8},"end":{"line":114,"column":8}}]},"8":{"line":117,"type":"if","locations":[{"start":{"line":117,"column":8},"end":{"line":117,"column":8}},{"start":{"line":117,"column":8},"end":{"line":117,"column":8}}]},"9":{"line":149,"type":"if","locations":[{"start":{"line":149,"column":30},"end":{"line":149,"column":30}},{"start":{"line":149,"column":30},"end":{"line":149,"column":30}}]},"10":{"line":156,"type":"if","locations":[{"start":{"line":156,"column":32},"end":{"line":156,"column":32}},{"start":{"line":156,"column":32},"end":{"line":156,"column":32}}]},"11":{"line":166,"type":"if","locations":[{"start":{"line":166,"column":52},"end":{"line":166,"column":52}},{"start":{"line":166,"column":52},"end":{"line":166,"column":52}}]},"12":{"line":166,"type":"if","locations":[{"start":{"line":166,"column":66},"end":{"line":166,"column":66}},{"start":{"line":166,"column":66},"end":{"line":166,"column":66}}]},"13":{"line":167,"type":"if","locations":[{"start":{"line":167,"column":8},"end":{"line":167,"column":8}},{"start":{"line":167,"column":8},"end":{"line":167,"column":8}}]},"14":{"line":167,"type":"cond-expr","locations":[{"start":{"line":167,"column":12},"end":{"line":167,"column":30}},{"start":{"line":167,"column":35},"end":{"line":167,"column":68}}]},"15":{"line":170,"type":"if","locations":[{"start":{"line":170,"column":8},"end":{"line":170,"column":8}},{"start":{"line":170,"column":8},"end":{"line":170,"column":8}}]},"16":{"line":178,"type":"if","locations":[{"start":{"line":178,"column":8},"end":{"line":178,"column":8}},{"start":{"line":178,"column":8},"end":{"line":178,"column":8}}]},"17":{"line":243,"type":"if","locations":[{"start":{"line":243,"column":12},"end":{"line":243,"column":12}},{"start":{"line":243,"column":12},"end":{"line":243,"column":12}}]},"18":{"line":253,"type":"if","locations":[{"start":{"line":253,"column":12},"end":{"line":253,"column":12}},{"start":{"line":253,"column":12},"end":{"line":253,"column":12}}]},"19":{"line":272,"type":"if","locations":[{"start":{"line":272,"column":8},"end":{"line":272,"column":8}},{"start":{"line":272,"column":8},"end":{"line":272,"column":8}}]},"20":{"line":272,"type":"cond-expr","locations":[{"start":{"line":272,"column":12},"end":{"line":272,"column":30}},{"start":{"line":272,"column":35},"end":{"line":272,"column":68}}]},"21":{"line":275,"type":"if","locations":[{"start":{"line":275,"column":8},"end":{"line":275,"column":8}},{"start":{"line":275,"column":8},"end":{"line":275,"column":8}}]},"22":{"line":282,"type":"if","locations":[{"start":{"line":282,"column":8},"end":{"line":282,"column":8}},{"start":{"line":282,"column":8},"end":{"line":282,"column":8}}]},"23":{"line":282,"type":"cond-expr","locations":[{"start":{"line":282,"column":12},"end":{"line":282,"column":27}},{"start":{"line":282,"column":32},"end":{"line":282,"column":60}}]}}},"contracts/tokens/PropertyToken.sol":{"l":{"54":122,"56":122,"57":122,"59":122,"60":122,"61":122,"62":122,"78":107,"79":106,"80":105,"82":104,"89":104,"90":104,"92":104,"99":1,"110":4,"111":1,"113":3,"124":0,"125":0,"127":0,"134":5,"141":2,"148":1,"155":2,"156":2,"163":3,"165":2,"166":2,"168":2,"175":4,"176":2,"178":2,"190":302,"202":5},"path":"/Users/junior/projects/ANDRES_LOZANO/buidingtok/contracts/tokens/PropertyToken.sol","s":{"1":122,"2":122,"3":122,"4":122,"5":122,"6":107,"7":106,"8":105,"9":104,"10":104,"11":104,"12":1,"13":4,"14":3,"15":0,"16":0,"17":5,"18":2,"19":2,"20":3,"21":2,"22":2,"23":4,"24":2,"25":2,"26":302,"27":5},"b":{"1":[0,122],"2":[107,1],"3":[1,106],"4":[1,105],"5":[1,104],"6":[1,3],"7":[0,0],"8":[5,1],"9":[2,0],"10":[1,1],"11":[2,0],"12":[3,1],"13":[1,2],"14":[2,2],"15":[302,1]},"f":{"1":122,"2":107,"3":1,"4":4,"5":0,"6":5,"7":2,"8":1,"9":2,"10":3,"11":4,"12":302,"13":5},"fnMap":{"1":{"name":"constructor","line":53,"loc":{"start":{"line":50,"column":4},"end":{"line":63,"column":4}}},"2":{"name":"createProperty","line":77,"loc":{"start":{"line":72,"column":4},"end":{"line":93,"column":4}}},"3":{"name":"getProperty","line":98,"loc":{"start":{"line":98,"column":4},"end":{"line":100,"column":4}}},"4":{"name":"burn","line":105,"loc":{"start":{"line":105,"column":4},"end":{"line":114,"column":4}}},"5":{"name":"burnBatch","line":119,"loc":{"start":{"line":119,"column":4},"end":{"line":128,"column":4}}},"6":{"name":"pause","line":133,"loc":{"start":{"line":133,"column":4},"end":{"line":135,"column":4}}},"7":{"name":"unpause","line":140,"loc":{"start":{"line":140,"column":4},"end":{"line":142,"column":4}}},"8":{"name":"setBaseURI","line":147,"loc":{"start":{"line":147,"column":4},"end":{"line":149,"column":4}}},"9":{"name":"setPropertyURI","line":154,"loc":{"start":{"line":154,"column":4},"end":{"line":157,"column":4}}},"10":{"name":"setTreasury","line":162,"loc":{"start":{"line":162,"column":4},"end":{"line":169,"column":4}}},"11":{"name":"uri","line":174,"loc":{"start":{"line":174,"column":4},"end":{"line":179,"column":4}}},"12":{"name":"_update","line":189,"loc":{"start":{"line":184,"column":4},"end":{"line":191,"column":4}}},"13":{"name":"supportsInterface","line":196,"loc":{"start":{"line":196,"column":4},"end":{"line":203,"column":4}}}},"statementMap":{"1":{"start":{"line":54,"column":8},"end":{"line":54,"column":60}},"2":{"start":{"line":59,"column":8},"end":{"line":59,"column":49}},"3":{"start":{"line":60,"column":8},"end":{"line":60,"column":41}},"4":{"start":{"line":61,"column":8},"end":{"line":61,"column":42}},"5":{"start":{"line":62,"column":8},"end":{"line":62,"column":42}},"6":{"start":{"line":78,"column":8},"end":{"line":78,"column":78}},"7":{"start":{"line":79,"column":8},"end":{"line":79,"column":47}},"8":{"start":{"line":80,"column":8},"end":{"line":80,"column":95}},"9":{"start":{"line":89,"column":8},"end":{"line":89,"column":54}},"10":{"start":{"line":90,"column":8},"end":{"line":90,"column":43}},"11":{"start":{"line":92,"column":8},"end":{"line":92,"column":70}},"12":{"start":{"line":99,"column":8},"end":{"line":99,"column":35}},"13":{"start":{"line":110,"column":8},"end":{"line":110,"column":3427}},"14":{"start":{"line":113,"column":8},"end":{"line":113,"column":32}},"15":{"start":{"line":124,"column":8},"end":{"line":124,"column":3822}},"16":{"start":{"line":127,"column":8},"end":{"line":127,"column":39}},"17":{"start":{"line":134,"column":8},"end":{"line":134,"column":15}},"18":{"start":{"line":141,"column":8},"end":{"line":141,"column":17}},"19":{"start":{"line":156,"column":8},"end":{"line":156,"column":33}},"20":{"start":{"line":163,"column":8},"end":{"line":163,"column":62}},"21":{"start":{"line":165,"column":8},"end":{"line":165,"column":38}},"22":{"start":{"line":168,"column":8},"end":{"line":168,"column":54}},"23":{"start":{"line":175,"column":8},"end":{"line":175,"column":5187}},"24":{"start":{"line":176,"column":12},"end":{"line":176,"column":43}},"25":{"start":{"line":178,"column":8},"end":{"line":178,"column":69}},"26":{"start":{"line":190,"column":8},"end":{"line":190,"column":43}},"27":{"start":{"line":202,"column":8},"end":{"line":202,"column":51}}},"branchMap":{"1":{"line":54,"type":"if","locations":[{"start":{"line":54,"column":8},"end":{"line":54,"column":8}},{"start":{"line":54,"column":8},"end":{"line":54,"column":8}}]},"2":{"line":77,"type":"if","locations":[{"start":{"line":77,"column":15},"end":{"line":77,"column":15}},{"start":{"line":77,"column":15},"end":{"line":77,"column":15}}]},"3":{"line":78,"type":"if","locations":[{"start":{"line":78,"column":8},"end":{"line":78,"column":8}},{"start":{"line":78,"column":8},"end":{"line":78,"column":8}}]},"4":{"line":79,"type":"if","locations":[{"start":{"line":79,"column":8},"end":{"line":79,"column":8}},{"start":{"line":79,"column":8},"end":{"line":79,"column":8}}]},"5":{"line":80,"type":"if","locations":[{"start":{"line":80,"column":8},"end":{"line":80,"column":8}},{"start":{"line":80,"column":8},"end":{"line":80,"column":8}}]},"6":{"line":110,"type":"if","locations":[{"start":{"line":110,"column":8},"end":{"line":110,"column":8}},{"start":{"line":110,"column":8},"end":{"line":110,"column":8}}]},"7":{"line":124,"type":"if","locations":[{"start":{"line":124,"column":8},"end":{"line":124,"column":8}},{"start":{"line":124,"column":8},"end":{"line":124,"column":8}}]},"8":{"line":133,"type":"if","locations":[{"start":{"line":133,"column":30},"end":{"line":133,"column":30}},{"start":{"line":133,"column":30},"end":{"line":133,"column":30}}]},"9":{"line":140,"type":"if","locations":[{"start":{"line":140,"column":32},"end":{"line":140,"column":32}},{"start":{"line":140,"column":32},"end":{"line":140,"column":32}}]},"10":{"line":147,"type":"if","locations":[{"start":{"line":147,"column":61},"end":{"line":147,"column":61}},{"start":{"line":147,"column":61},"end":{"line":147,"column":61}}]},"11":{"line":154,"type":"if","locations":[{"start":{"line":154,"column":78},"end":{"line":154,"column":78}},{"start":{"line":154,"column":78},"end":{"line":154,"column":78}}]},"12":{"line":162,"type":"if","locations":[{"start":{"line":162,"column":55},"end":{"line":162,"column":55}},{"start":{"line":162,"column":55},"end":{"line":162,"column":55}}]},"13":{"line":163,"type":"if","locations":[{"start":{"line":163,"column":8},"end":{"line":163,"column":8}},{"start":{"line":163,"column":8},"end":{"line":163,"column":8}}]},"14":{"line":175,"type":"if","locations":[{"start":{"line":175,"column":8},"end":{"line":175,"column":8}},{"start":{"line":175,"column":8},"end":{"line":175,"column":8}}]},"15":{"line":189,"type":"if","locations":[{"start":{"line":189,"column":48},"end":{"line":189,"column":48}},{"start":{"line":189,"column":48},"end":{"line":189,"column":48}}]}}}}